    OpenRGB v0.9
    Commit: b5f46e3f1de03595656c682fc2f068b66e735e63 from 2023-07-09 22:51:47 -0500
    Launched: 20251111_131636
====================================================================================================

0     |Info:    Found file: Green.orp attempting to validate header
0     |Info:    Valid v4 profile found for Green
1002  |Info:    ------------------------------------------------------
1002  |Info:    |               Start device detection               |
1002  |Info:    ------------------------------------------------------
1002  |Info:    Initializing HID interfaces: Success
1025  |Info:    ------------------------------------------------------
1025  |Info:    |             Detecting I2C interfaces               |
1025  |Info:    ------------------------------------------------------
1025  |Info:    Registering I2C interface: /dev/i2c-3 Device 1002:73AF Subsystem: 148C:2414
1025  |Info:    Registering I2C interface: /dev/i2c-10 Device 1022:790B Subsystem: 1462:7C56
1025  |Info:    Registering I2C interface: /dev/i2c-1 Device 1002:73AF Subsystem: 148C:2414
1025  |Warning: [i2c_smbus_linux] Failed to read i2c device PCI device ID
1025  |Info:    Registering I2C interface: /dev/i2c-8 Device 0000:0000 Subsystem: 0000:0000
1025  |Info:    Registering I2C interface: /dev/i2c-6 Device 1002:73AF Subsystem: 148C:2414
1025  |Info:    Registering I2C interface: /dev/i2c-4 Device 1002:73AF Subsystem: 148C:2414
1025  |Info:    Registering I2C interface: /dev/i2c-11 Device 1022:790B Subsystem: 1462:7C56
1025  |Info:    Registering I2C interface: /dev/i2c-2 Device 1002:73AF Subsystem: 148C:2414
1025  |Info:    Registering I2C interface: /dev/i2c-0 Device 1002:73AF Subsystem: 148C:2414
1025  |Warning: [i2c_smbus_linux] Failed to read i2c device PCI device ID
1025  |Info:    Registering I2C interface: /dev/i2c-9 Device 0000:0000 Subsystem: 0000:0000
1026  |Warning: [i2c_smbus_linux] Failed to read i2c device PCI device ID
1026  |Info:    Registering I2C interface: /dev/i2c-7 Device 0000:0000 Subsystem: 0000:0000
1026  |Info:    Registering I2C interface: /dev/i2c-5 Device 1002:73AF Subsystem: 148C:2414
1026  |Info:    Registering I2C interface: /dev/i2c-12 Device 1022:790B Subsystem: 1462:7C56
1026  |Info:    ------------------------------------------------------
1026  |Info:    |               Detecting I2C devices                |
1026  |Info:    ------------------------------------------------------
2083  |Info:    ------------------------------------------------------
2083  |Info:    |               Detecting I2C PCI devices            |
2083  |Info:    ------------------------------------------------------
2084  |Info:    ------------------------------------------------------
2084  |Info:    |               Detecting HID devices                |
2084  |Info:    ------------------------------------------------------
2220  |Info:    [Corsair Commander Core] Registering RGB controller
2273  |Info:    [Strimer L Connect] Registering RGB controller
2328  |Info:    [Corsair Lighting Node Core] Registering RGB controller
2383  |Info:    [ASUS ROG Strix Impact II Wireless 2.4 Ghz] Registering RGB controller
2457  |Info:    [MSI B550-A PRO (MS-7C56)] Registering RGB controller
3537  |Info:    [Corsair Scimitar Elite RGB] Registering RGB controller
3537  |Info:    ------------------------------------------------------
3537  |Info:    |            Detecting libusb HID devices            |
3537  |Info:    ------------------------------------------------------
3768  |Info:    ------------------------------------------------------
3768  |Info:    |              Detecting other devices               |
3768  |Info:    ------------------------------------------------------
3781  |Info:    ------------------------------------------------------
3781  |Info:    |                Detection completed                 |
3781  |Info:    ------------------------------------------------------
8207  |Info:    Profile loading: Succeeded for Corsair Commander Core @ HID: /dev/hidraw5
8207  |Info:    Profile loading: Succeeded for Strimer L Connect @ HID: /dev/hidraw11
8207  |Info:    Profile loading: Succeeded for Corsair Lighting Node Core @ HID: /dev/hidraw12
8207  |Info:    Profile loading: Succeeded for ASUS ROG Strix Impact II Wireless 2.4 Ghz @ HID: /dev/hidraw2
8207  |Info:    Profile loading: Succeeded for MSI B550-A PRO (MS-7C56) @ HID: /dev/hidraw13
8207  |Info:    Profile loading: Succeeded for Corsair Scimitar Elite RGB @ HID: /dev/hidraw15
8716  |Info:    Profile loading: Succeeded for Corsair Commander Core @ HID: /dev/hidraw5
8716  |Info:    Profile loading: Succeeded for Strimer L Connect @ HID: /dev/hidraw11
8716  |Info:    Profile loading: Succeeded for Corsair Lighting Node Core @ HID: /dev/hidraw12
8716  |Info:    Profile loading: Succeeded for ASUS ROG Strix Impact II Wireless 2.4 Ghz @ HID: /dev/hidraw2
8716  |Info:    Profile loading: Succeeded for MSI B550-A PRO (MS-7C56) @ HID: /dev/hidraw13
8716  |Info:    Profile loading: Succeeded for Corsair Scimitar Elite RGB @ HID: /dev/hidraw15
8878  |Info:    Profile loading: Succeeded for Corsair Commander Core @ HID: /dev/hidraw5
8878  |Info:    Profile loading: Succeeded for Strimer L Connect @ HID: /dev/hidraw11
8878  |Info:    Profile loading: Succeeded for Corsair Lighting Node Core @ HID: /dev/hidraw12
8878  |Info:    Profile loading: Succeeded for ASUS ROG Strix Impact II Wireless 2.4 Ghz @ HID: /dev/hidraw2
8878  |Info:    Profile loading: Succeeded for MSI B550-A PRO (MS-7C56) @ HID: /dev/hidraw13
8878  |Info:    Profile loading: Succeeded for Corsair Scimitar Elite RGB @ HID: /dev/hidraw15
9048  |Info:    Profile loading: Succeeded for Corsair Commander Core @ HID: /dev/hidraw5
9048  |Info:    Profile loading: Succeeded for Strimer L Connect @ HID: /dev/hidraw11
9048  |Info:    Profile loading: Succeeded for Corsair Lighting Node Core @ HID: /dev/hidraw12
9048  |Info:    Profile loading: Succeeded for ASUS ROG Strix Impact II Wireless 2.4 Ghz @ HID: /dev/hidraw2
9048  |Info:    Profile loading: Succeeded for MSI B550-A PRO (MS-7C56) @ HID: /dev/hidraw13
9048  |Info:    Profile loading: Succeeded for Corsair Scimitar Elite RGB @ HID: /dev/hidraw15
9216  |Info:    Profile loading: Succeeded for Corsair Commander Core @ HID: /dev/hidraw5
9216  |Info:    Profile loading: Succeeded for Strimer L Connect @ HID: /dev/hidraw11
9216  |Info:    Profile loading: Succeeded for Corsair Lighting Node Core @ HID: /dev/hidraw12
9216  |Info:    Profile loading: Succeeded for ASUS ROG Strix Impact II Wireless 2.4 Ghz @ HID: /dev/hidraw2
9216  |Info:    Profile loading: Succeeded for MSI B550-A PRO (MS-7C56) @ HID: /dev/hidraw13
9216  |Info:    Profile loading: Succeeded for Corsair Scimitar Elite RGB @ HID: /dev/hidraw15
9406  |Info:    Profile loading: Succeeded for Corsair Commander Core @ HID: /dev/hidraw5
9406  |Info:    Profile loading: Succeeded for Strimer L Connect @ HID: /dev/hidraw11
9406  |Info:    Profile loading: Succeeded for Corsair Lighting Node Core @ HID: /dev/hidraw12
9406  |Info:    Profile loading: Succeeded for ASUS ROG Strix Impact II Wireless 2.4 Ghz @ HID: /dev/hidraw2
9406  |Info:    Profile loading: Succeeded for MSI B550-A PRO (MS-7C56) @ HID: /dev/hidraw13
9406  |Info:    Profile loading: Succeeded for Corsair Scimitar Elite RGB @ HID: /dev/hidraw15
9570  |Info:    Profile loading: Succeeded for Corsair Commander Core @ HID: /dev/hidraw5
9571  |Info:    Profile loading: Succeeded for Strimer L Connect @ HID: /dev/hidraw11
9571  |Info:    Profile loading: Succeeded for Corsair Lighting Node Core @ HID: /dev/hidraw12
9571  |Info:    Profile loading: Succeeded for ASUS ROG Strix Impact II Wireless 2.4 Ghz @ HID: /dev/hidraw2
9571  |Info:    Profile loading: Succeeded for MSI B550-A PRO (MS-7C56) @ HID: /dev/hidraw13
9571  |Info:    Profile loading: Succeeded for Corsair Scimitar Elite RGB @ HID: /dev/hidraw15
