    OpenRGB v0.9+ (git1721)
    Commit: 6e53097f83e2b086006e407749a4377ff991e342 from 2025-11-23 10:38:31 +0800
    Launched: 20251128_115542
====================================================================================================

8     |Info:    [ProfileManager] Found file: Green.orp attempting to validate header
8     |Info:    [ProfileManager] Valid v5 profile found for Green
855   |ERROR:   [NetworkServer] Could not bind network socket. Is port 6742 already being used?
855   |Info:    [ResourceManager] Calling Post-detection callbacks
855   |Info:    ------------------------------------------------------
855   |Info:    |                Detection completed                 |
855   |Info:    ------------------------------------------------------
855   |Info:    [ProfileManager] Profile loading: Succeeded for HyperX Predator RGB @ I2C: /dev/i2c-10, address 0x27
855   |Info:    [ProfileManager] Profile loading: Succeeded for PowerColor Red Devil RX6900XT Ultimate @ I2C:/dev/i2c-6, address 0x22
855   |Info:    [ProfileManager] Profile loading: Succeeded for Corsair Commander Core @ HID: /dev/hidraw2
855   |Info:    [ProfileManager] Profile loading: Succeeded for Lian Li Strimer L Connect @ HID: /dev/hidraw7
855   |Info:    [ProfileManager] Profile loading: Succeeded for Corsair Lighting Node Core @ HID: /dev/hidraw8
855   |Info:    [ProfileManager] Profile loading: Succeeded for ASUS ROG Strix Impact II Wireless 2.4 Ghz @ HID: /dev/hidraw4
855   |Info:    [ProfileManager] Profile loading: Succeeded for Anne Pro 2 @ HID: /dev/hidraw10
855   |Info:    [ProfileManager] Profile loading: Succeeded for MSI B550-A PRO (MS-7C56) @ HID: /dev/hidraw13
855   |Info:    [ProfileManager] Profile loading: Succeeded for Corsair Scimitar Elite RGB @ HID: /dev/hidraw15
