    OpenRGB v0.9
    Commit: b5f46e3f1de03595656c682fc2f068b66e735e63 from 2023-07-09 22:51:47 -0500
    Launched: 20251112_223150
====================================================================================================

0     |Info:    Found file: Green.orp attempting to validate header
0     |Info:    Valid v4 profile found for Green
55852 |Info:    Profile loading: Succeeded for Corsair Commander Core @ HID: /dev/hidraw5
55852 |Info:    Profile loading: Succeeded for Strimer L Connect @ HID: /dev/hidraw7
55852 |Info:    Profile loading: Succeeded for Corsair Lighting Node Core @ HID: /dev/hidraw12
55852 |Info:    Profile loading: Succeeded for ASUS ROG Strix Impact II Wireless 2.4 Ghz @ HID: /dev/hidraw2
55852 |Info:    Profile loading: Succeeded for MSI B550-A PRO (MS-7C56) @ HID: /dev/hidraw13
55852 |Info:    Profile loading: Succeeded for Corsair Scimitar Elite RGB @ HID: /dev/hidraw15
56306 |Info:    Profile loading: Succeeded for Corsair Commander Core @ HID: /dev/hidraw5
56306 |Info:    Profile loading: Succeeded for Strimer L Connect @ HID: /dev/hidraw7
56306 |Info:    Profile loading: Succeeded for Corsair Lighting Node Core @ HID: /dev/hidraw12
56306 |Info:    Profile loading: Succeeded for ASUS ROG Strix Impact II Wireless 2.4 Ghz @ HID: /dev/hidraw2
56306 |Info:    Profile loading: Succeeded for MSI B550-A PRO (MS-7C56) @ HID: /dev/hidraw13
56306 |Info:    Profile loading: Succeeded for Corsair Scimitar Elite RGB @ HID: /dev/hidraw15
56528 |Info:    Profile loading: Succeeded for Corsair Commander Core @ HID: /dev/hidraw5
56528 |Info:    Profile loading: Succeeded for Strimer L Connect @ HID: /dev/hidraw7
56528 |Info:    Profile loading: Succeeded for Corsair Lighting Node Core @ HID: /dev/hidraw12
56528 |Info:    Profile loading: Succeeded for ASUS ROG Strix Impact II Wireless 2.4 Ghz @ HID: /dev/hidraw2
56528 |Info:    Profile loading: Succeeded for MSI B550-A PRO (MS-7C56) @ HID: /dev/hidraw13
56528 |Info:    Profile loading: Succeeded for Corsair Scimitar Elite RGB @ HID: /dev/hidraw15
56724 |Info:    Profile loading: Succeeded for Corsair Commander Core @ HID: /dev/hidraw5
56724 |Info:    Profile loading: Succeeded for Strimer L Connect @ HID: /dev/hidraw7
56724 |Info:    Profile loading: Succeeded for Corsair Lighting Node Core @ HID: /dev/hidraw12
56724 |Info:    Profile loading: Succeeded for ASUS ROG Strix Impact II Wireless 2.4 Ghz @ HID: /dev/hidraw2
56724 |Info:    Profile loading: Succeeded for MSI B550-A PRO (MS-7C56) @ HID: /dev/hidraw13
56724 |Info:    Profile loading: Succeeded for Corsair Scimitar Elite RGB @ HID: /dev/hidraw15
