    OpenRGB v0.9
    Commit: b5f46e3f1de03595656c682fc2f068b66e735e63 from 2023-07-09 22:51:47 -0500
    Launched: 20251112_222343
====================================================================================================

0     |Info:    Found file: Green.orp attempting to validate header
0     |Info:    Valid v4 profile found for Green
12928 |Info:    Found file: Green.orp attempting to validate header
12928 |Info:    Valid v4 profile found for Green
13126 |Info:    Found file: Green.orp attempting to validate header
13126 |Info:    Valid v4 profile found for Green
14040 |Info:    Found file: Green.orp attempting to validate header
14040 |Info:    Valid v4 profile found for Green
14206 |Info:    Found file: Green.orp attempting to validate header
14206 |Info:    Valid v4 profile found for Green
19503 |Info:    Found file: Green.orp attempting to validate header
19503 |Info:    Valid v4 profile found for Green
24023 |Info:    Found file: Green.orp attempting to validate header
24023 |Info:    Valid v4 profile found for Green
24330 |Info:    Found file: Green.orp attempting to validate header
24330 |Info:    Valid v4 profile found for Green
29629 |Info:    Found file: Green.orp attempting to validate header
29629 |Info:    Valid v4 profile found for Green
29805 |Info:    Found file: Green.orp attempting to validate header
29805 |Info:    Valid v4 profile found for Green
29959 |Info:    Found file: Green.orp attempting to validate header
29959 |Info:    Valid v4 profile found for Green
30160 |Info:    Found file: Green.orp attempting to validate header
30160 |Info:    Valid v4 profile found for Green
30344 |Info:    Found file: Green.orp attempting to validate header
30344 |Info:    Valid v4 profile found for Green
