    OpenRGB v0.9
    Commit: b5f46e3f1de03595656c682fc2f068b66e735e63 from 2023-07-09 22:51:47 -0500
    Launched: 20251112_214536
====================================================================================================

0     |Info:    Found file: Green.orp attempting to validate header
0     |Info:    Valid v4 profile found for Green
4579  |Info:    Profile loading: Succeeded for Corsair Commander Core @ HID: /dev/hidraw5
4579  |Info:    Profile loading: Succeeded for Strimer L Connect @ HID: /dev/hidraw7
4579  |Info:    Profile loading: Succeeded for Corsair Lighting Node Core @ HID: /dev/hidraw12
4579  |Info:    Profile loading: Succeeded for ASUS ROG Strix Impact II Wireless 2.4 Ghz @ HID: /dev/hidraw2
4579  |Info:    Profile loading: Succeeded for MSI B550-A PRO (MS-7C56) @ HID: /dev/hidraw13
4579  |Info:    Profile loading: Succeeded for Corsair Scimitar Elite RGB @ HID: /dev/hidraw15
4916  |Info:    Profile loading: Succeeded for Corsair Commander Core @ HID: /dev/hidraw5
4916  |Info:    Profile loading: Succeeded for Strimer L Connect @ HID: /dev/hidraw7
4916  |Info:    Profile loading: Succeeded for Corsair Lighting Node Core @ HID: /dev/hidraw12
4916  |Info:    Profile loading: Succeeded for ASUS ROG Strix Impact II Wireless 2.4 Ghz @ HID: /dev/hidraw2
4916  |Info:    Profile loading: Succeeded for MSI B550-A PRO (MS-7C56) @ HID: /dev/hidraw13
4916  |Info:    Profile loading: Succeeded for Corsair Scimitar Elite RGB @ HID: /dev/hidraw15
5117  |Info:    Profile loading: Succeeded for Corsair Commander Core @ HID: /dev/hidraw5
5117  |Info:    Profile loading: Succeeded for Strimer L Connect @ HID: /dev/hidraw7
5117  |Info:    Profile loading: Succeeded for Corsair Lighting Node Core @ HID: /dev/hidraw12
5117  |Info:    Profile loading: Succeeded for ASUS ROG Strix Impact II Wireless 2.4 Ghz @ HID: /dev/hidraw2
5117  |Info:    Profile loading: Succeeded for MSI B550-A PRO (MS-7C56) @ HID: /dev/hidraw13
5117  |Info:    Profile loading: Succeeded for Corsair Scimitar Elite RGB @ HID: /dev/hidraw15
5543  |Info:    Profile loading: Succeeded for Corsair Commander Core @ HID: /dev/hidraw5
5543  |Info:    Profile loading: Succeeded for Strimer L Connect @ HID: /dev/hidraw7
5543  |Info:    Profile loading: Succeeded for Corsair Lighting Node Core @ HID: /dev/hidraw12
5543  |Info:    Profile loading: Succeeded for ASUS ROG Strix Impact II Wireless 2.4 Ghz @ HID: /dev/hidraw2
5543  |Info:    Profile loading: Succeeded for MSI B550-A PRO (MS-7C56) @ HID: /dev/hidraw13
5543  |Info:    Profile loading: Succeeded for Corsair Scimitar Elite RGB @ HID: /dev/hidraw15
