    OpenRGB v0.9+ (git1721)
    Commit: 6e53097f83e2b086006e407749a4377ff991e342 from 2025-11-23 10:38:31 +0800
    Launched: 20251125_194643
====================================================================================================

0     |Info:    [ProfileManager] Found file: Green.orp attempting to validate header
0     |Info:    [ProfileManager] Valid v5 profile found for Green
764   |ERROR:   [NetworkServer] Could not bind network socket. Is port 6742 already being used?
764   |Info:    [ResourceManager] Calling Post-detection callbacks
764   |Info:    ------------------------------------------------------
764   |Info:    |                Detection com10721 |Info:    [ProfileManager] Profile loading: Succeeded for HyperX Predator RGB @ I2C: /dev/i2c-10, address 0x27
10721 |Info:    [ProfileManager] Profile loading: Succeeded for PowerColor Red Devil RX6900XT Ultimate @ I2C:/dev/i2c-6, address 0x22
10721 |Info:    [ProfileManager] Profile loading: Succeeded for Lian Li Strimer L Connect @ HID: /dev/hidraw7
10721 |Info:    [ProfileManager] Profile loading: Succeeded for Corsair Lighting Node Core @ HID: /dev/hidraw8
10721 |Info:    [ProfileManager] Profile loading: Succeeded for ASUS ROG Strix Impact II Wireless 2.4 Ghz @ HID: /dev/hidraw4
10721 |Info:    [ProfileManager] Profile loading: Succeeded for Anne Pro 2 @ HID: /dev/hidraw10
10721 |Info:    [ProfileManager] Profile loading: Succeeded for MSI B550-A PRO (MS-7C56) @ HID: /dev/hidraw13
10721 |Info:    [ProfileManager] Profile loading: Succeeded for Corsair Scimitar Elite RGB @ HID: /dev/hidraw15
21667 |Info:    [ProfileManager] Profile loading: Succeeded for HyperX Predator RGB @ I2C: /dev/i2c-10, address 0x27
21667 |Info:    [ProfileManager] Profile loading: Succeeded for PowerColor Red Devil RX6900XT Ultimate @ I2C:/dev/i2c-6, address 0x22
21667 |Info:    [ProfileManager] Profile loading: Succeeded for Lian Li Strimer L Connect @ HID: /dev/hidraw7
21667 |Info:    [ProfileManager] Profile loading: Succeeded for Corsair Lighting Node Core @ HID: /dev/hidraw8
21667 |Info:    [ProfileManager] Profile loading: Succeeded for ASUS ROG Strix Impact II Wireless 2.4 Ghz @ HID: /dev/hidraw4
21667 |Info:    [ProfileManager] Profile loading: Succeeded for Anne Pro 2 @ HID: /dev/hidraw10
21667 |Info:    [ProfileManager] Profile loading: Succeeded for MSI B550-A PRO (MS-7C56) @ HID: /dev/hidraw13
21667 |Info:    [ProfileManager] Profile loading: Succeeded for Corsair Scimitar Elite RGB @ HID: /dev/hidraw15
22236 |Info:    [ProfileManager] Profile loading: Succeeded for HyperX Predator RGB @ I2C: /dev/i2c-10, address 0x27
22236 |Info:    [ProfileManager] Profile loading: Succeeded for PowerColor Red Devil RX6900XT Ultimate @ I2C:/dev/i2c-6, address 0x22
22236 |Info:    [ProfileManager] Profile loading: Succeeded for Lian Li Strimer L Connect @ HID: /dev/hidraw7
22236 |Info:    [ProfileManager] Profile loading: Succeeded for Corsair Lighting Node Core @ HID: /dev/hidraw8
22236 |Info:    [ProfileManager] Profile loading: Succeeded for ASUS ROG Strix Impact II Wireless 2.4 Ghz @ HID: /dev/hidraw4
22236 |Info:    [ProfileManager] Profile loading: Succeeded for Anne Pro 2 @ HID: /dev/hidraw10
22236 |Info:    [ProfileManager] Profile loading: Succeeded for MSI B550-A PRO (MS-7C56) @ HID: /dev/hidraw13
22236 |Info:    [ProfileManager] Profile loading: Succeeded for Corsair Scimitar Elite RGB @ HID: /dev/hidraw15
64183 |Info:    [ProfileManager] Found file: Green.orp attempting to validate header
64183 |Info:    [ProfileManager] Valid v5 profile found for Green
64362 |Info:    [ProfileManager] Found file: Green.orp attempting to validate header
64362 |Info:    [ProfileManager] Valid v5 profile found for Green
64532 |Info:    [ProfileManager] Found file: Green.orp attempting to validate header
64532 |Info:    [ProfileManager] Valid v5 profile found for Green
64714 |Info:    [ProfileManager] Found file: Green.orp attempting to validate header
64714 |Info:    [ProfileManager] Valid v5 profile found for Green
64873 |Info:    [ProfileManager] Found file: Green.orp attempting to validate header
64873 |Info:    [ProfileManager] Valid v5 profile found for Green
65043 |Info:    [ProfileManager] Found file: Green.orp attempting to validate header
65043 |Info:    [ProfileManager] Valid v5 profile found for Green
65227 |Info:    [ProfileManager] Found file: Green.orp attempting to validate header
65227 |Info:    [ProfileManager] Valid v5 profile found for Green
65373 |Info:    [ProfileManager] Found file: Green.orp attempting to validate header
65373 |Info:    [ProfileManager] Valid v5 profile found for Green
65529 |Info:    [ProfileManager] Found file: Green.orp attempting to validate header
65529 |Info:    [ProfileManager] Valid v5 profile found for Green
65681 |Info:    [ProfileManager] Found file: Green.orp attempting to validate header
65681 |Info:    [ProfileManager] Valid v5 profile found for Green
78808 |Info:    [ProfileManager] Found file: Green.orp attempting to validate header
78808 |Info:    [ProfileManager] Valid v5 profile found for Green
78974 |Info:    [ProfileManager] Found file: Green.orp attempting to validate header
78974 |Info:    [ProfileManager] Valid v5 profile found for Green
79140 |Info:    [ProfileManager] Found file: Green.orp attempting to validate header
79140 |Info:    [ProfileManager] Valid v5 profile found for Green
79304 |Info:    [ProfileManager] Found file: Green.orp attempting to validate header
79304 |Info:    [ProfileManager] Valid v5 profile found for Green
79460 |Info:    [ProfileManager] Found file: Green.orp attempting to validate header
79460 |Info:    [ProfileManager] Valid v5 profile found for Green
79614 |Info:    [ProfileManager] Found file: Green.orp attempting to validate header
79614 |Info:    [ProfileManager] Valid v5 profile found for Green
