    OpenRGB v0.9+ (git1721)
    Commit: 6e53097f83e2b086006e407749a4377ff991e342 from 2025-11-23 10:38:31 +0800
    Launched: 20251125_201744
====================================================================================================

8     |Info:    [ProfileManager] Found file: Green.orp attempting to validate header
8     |Info:    [ProfileManager] Valid v5 profile found for Green
61    |Info:    [NetworkServer] Network connection thread started on port 6742
61    |Info:    [ResourceManager] Initializing HID interfaces: Success
61    |Info:    ------------------------------------------------------
61    |Info:    |               Start device detection               |
61    |Info:    ------------------------------------------------------
83    |Info:    ------------------------------------------------------
83    |Info:    |             Detecting I2C interfaces               |
83    |Info:    ------------------------------------------------------
83    |Info:    [ResourceManager] Registering I2C interface: /dev/i2c-3 Device 1002:73AF Subsystem: 148C:2414
83    |Info:    [ResourceManager] Registering I2C interface: /dev/i2c-10 Device 1022:790B Subsystem: 1462:7C56
83    |Info:    [ResourceManager] Registering I2C interface: /dev/i2c-1 Device 1002:73AF Subsystem: 148C:2414
83    |Warning: [i2c_smbus_linux] Failed to read i2c device PCI device ID
83    |Info:    [ResourceManager] Registering I2C interface: /dev/i2c-8 Device 0000:0000 Subsystem: 0000:0000
83    |Info:    [ResourceManager] Registering I2C interface: /dev/i2c-6 Device 1002:73AF Subsystem: 148C:2414
83    |Info:    [ResourceManager] Registering I2C interface: /dev/i2c-4 Device 1002:73AF Subsystem: 148C:2414
83    |Info:    [ResourceManager] Registering I2C interface: /dev/i2c-11 Device 1022:790B Subsystem: 1462:7C56
84    |Info:    [ResourceManager] Registering I2C interface: /dev/i2c-2 Device 1002:73AF Subsystem: 148C:2414
84    |Info:    [ResourceManager] Registering I2C interface: /dev/i2c-0 Device 1002:73AF Subsystem: 148C:2414
84    |Warning: [i2c_smbus_linux] Failed to read i2c device PCI device ID
84    |Info:    [ResourceManager] Registering I2C interface: /dev/i2c-9 Device 0000:0000 Subsystem: 0000:0000
84    |Warning: [i2c_smbus_linux] Failed to read i2c device PCI device ID
84    |Info:    [ResourceManager] Registering I2C interface: /dev/i2c-7 Device 0000:0000 Subsystem: 0000:0000
84    |Info:    [ResourceManager] Registering I2C interface: /dev/i2c-5 Device 1002:73AF Subsystem: 148C:2414
84    |Info:    [ResourceManager] Registering I2C interface: /dev/i2c-12 Device 1022:790B Subsystem: 1462:7C56
84    |Info:    ------------------------------------------------------
84    |Info:    |               Detecting I2C devices                |
84    |Info:    ------------------------------------------------------
1078  |Info:    ------------------------------------------------------
1078  |Info:    |            Detecting I2C DIMM modules              |
1078  |Info:    ------------------------------------------------------
1089  |Info:    [ResourceManager] Detected occupied slot 1, bus 1, type DDR4
1107  |Info:    [ResourceManager] Detected occupied slot 2, bus 1, type DDR4
1129  |Info:    [ResourceManager] Detected occupied slot 3, bus 1, type DDR4
1156  |Info:    [ResourceManager] Detected occupied slot 4, bus 1, type DDR4
1329  |Info:    [HyperX Predator RGB] Registering RGB controller
1417  |Info:    ------------------------------------------------------
1417  |Info:    |               Detecting I2C PCI devices            |
1417  |Info:    ------------------------------------------------------
2799  |Info:    [PowerColor Red Devil RX6900XT Ultimate] Registering RGB controller
2822  |Info:    [NetworkServer] Network server started
2883  |Info:    ------------------------------------------------------
2883  |Info:    |               Detecting HID devices                |
2883  |Info:    ------------------------------------------------------
2957  |Info:    [Corsair Commander Core] Registering RGB controller
3015  |Info:    [Lian Li Strimer L Connect] Registering RGB controller
3068  |Info:    [Corsair Lighting Node Core] Registering RGB controller
3127  |Info:    [ASUS ROG Strix Impact II Wireless 2.4 Ghz] Registering RGB controller
3179  |Info:    [Anne Pro 2] Registering RGB controller
3253  |Info:    [MSI B550-A PRO (MS-7C56)] Registering RGB controller
4331  |Info:    [Corsair Scimitar Elite RGB] Registering RGB controller
4332  |Info:    ------------------------------------------------------
4332  |Info:    |            Detecting libusb HID devices            |
4332  |Info:    ------------------------------------------------------
4766  |Info:    ------------------------------------------------------
4766  |Info:    |              Detecting other devices               |
4766  |Info:    ------------------------------------------------------
4796  |Info:    [ResourceManager] Calling Post-detection callbacks
4796  |Info:    ------------------------------------------------------
4796  |Info:    |                Detection completed                 |
4796  |Info:    ------------------------------------------------------
4797  |Info:    [ProfileManager] Profile loading: Succeeded for HyperX Predator RGB @ I2C: /dev/i2c-10, address 0x27
4797  |Info:    [ProfileManager] Profile loading: Succeeded for PowerColor Red Devil RX6900XT Ultimate @ I2C:/dev/i2c-6, address 0x22
4797  |Info:    [ProfileManager] Profile loading: FAILED! for Corsair Commander Core @ HID: /dev/hidraw2
4797  |Info:    [ProfileManager] Profile loading: Succeeded for Lian Li Strimer L Connect @ HID: /dev/hidraw7
4797  |Info:    [ProfileManager] Profile loading: Succeeded for Corsair Lighting Node Core @ HID: /dev/hidraw8
4797  |Info:    [ProfileManager] Profile loading: Succeeded for ASUS ROG Strix Impact II Wireless 2.4 Ghz @ HID: /dev/hidraw4
4797  |Info:    [ProfileManager] Profile loading: Succeeded for Anne Pro 2 @ HID: /dev/hidraw10
4797  |Info:    [ProfileManager] Profile loading: Succeeded for MSI B550-A PRO (MS-7C56) @ HID: /dev/hidraw13
4797  |Info:    [ProfileManager] Profile loading: Succeeded for Corsair Scimitar Elite RGB @ HID: /dev/hidraw15
12643330|ERROR:   [NetworkServer] recv_select failed receiving magic, closing listener
12643330|Info:    [NetworkServer] Closing server connection: 127.0.0.1
