    OpenRGB v0.9
    Commit: b5f46e3f1de03595656c682fc2f068b66e735e63 from 2023-07-09 22:51:47 -0500
    Launched: 20251111_125612
====================================================================================================

1001  |Info:    Saving detector settings
1002  |Info:    ------------------------------------------------------
1002  |Info:    |               Start device detection               |
1002  |Info:    ------------------------------------------------------
1002  |Info:    Initializing HID interfaces: Success
1024  |Info:    ------------------------------------------------------
1024  |Info:    |             Detecting I2C interfaces               |
1024  |Info:    ------------------------------------------------------
1024  |Info:    Registering I2C interface: /dev/i2c-3 Device 1002:73AF Subsystem: 148C:2414
1025  |Info:    Registering I2C interface: /dev/i2c-1 Device 1002:73AF Subsystem: 148C:2414
1025  |Info:    Registering I2C interface: /dev/i2c-6 Device 1002:73AF Subsystem: 148C:2414
1025  |Info:    Registering I2C interface: /dev/i2c-4 Device 1002:73AF Subsystem: 148C:2414
1025  |Info:    Registering I2C interface: /dev/i2c-2 Device 1002:73AF Subsystem: 148C:2414
1025  |Warning: [i2c_smbus_linux] Failed to read i2c device PCI device ID
1025  |Info:    Registering I2C interface: /dev/i2c-9 Device 0000:0000 Subsystem: 0000:0000
1025  |Warning: [i2c_smbus_linux] Failed to read i2c device PCI device ID
1025  |Info:    Registering I2C interface: /dev/i2c-7 Device 0000:0000 Subsystem: 0000:0000
1025  |Info:    Registering I2C interface: /dev/i2c-5 Device 1002:73AF Subsystem: 148C:2414
1025  |Info:    ------------------------------------------------------
1025  |Info:    |               Detecting I2C devices                |
1025  |Info:    ------------------------------------------------------
1033  |Info:    ------------------------------------------------------
1033  |Info:    |               Detecting I2C PCI devices            |
1033  |Info:    ------------------------------------------------------
1033  |Info:    ------------------------------------------------------
1033  |Info:    |               Detecting HID devices                |
1033  |Info:    ------------------------------------------------------
1171  |Info:    [Corsair Commander Core] Registering RGB controller
1223  |Info:    [Strimer L Connect] Registering RGB controller
1276  |Info:    [Corsair Lighting Node Core] Registering RGB controller
1333  |Info:    [ASUS ROG Strix Impact II Wireless 2.4 Ghz] Registering RGB controller
1405  |Info:    [MSI B550-A PRO (MS-7C56)] Registering RGB controller
2465  |Info:    [Corsair Scimitar Elite RGB] Registering RGB controller
2465  |Info:    ------------------------------------------------------
2465  |Info:    |            Detecting libusb HID devices            |
2465  |Info:    ------------------------------------------------------
2693  |Info:    ------------------------------------------------------
2693  |Info:    |              Detecting other devices               |
2693  |Info:    ------------------------------------------------------
2711  |Info:    ------------------------------------------------------
2711  |Info:    |                Detection completed                 |
2711  |Info:    ------------------------------------------------------
2711  |Dialog:  <h2>WARNING:</h2><p>One or more I2C/SMBus interfaces failed to initialize.</p><p>RGB DRAM modules and some motherboards' onboard RGB lighting will not be available without I2C/SMBus.</p><p>On Linux, this is usually because the i2c-dev module is not loaded.  You must load the i2c-dev module along with the correct i2c driver for your motherboard.  This is usually i2c-piix4 for AMD systems and i2c-i801 for Intel systems.</p><p>See <a href='https://help.openrgb.org/'>help.openrgb.org</a> for additional troubleshooting steps if you keep seeing this message.<br></p>
