    OpenRGB v0.9+ (git1721)
    Commit: 6e53097f83e2b086006e407749a4377ff991e342 from 2025-11-23 10:38:31 +0800
    Launched: 20251123_205828
====================================================================================================

0     |Info:    [ProfileManager] Found file: Green.orp attempting to validate header
0     |Info:    [ProfileManager] Valid v5 profile found for Green
679   |Info:    [ResourceManager] Calling Post-detection callbacks
679   |Info:    ------------------------------------------------------
679   |Info:    |                Detection completed                 |
679   |Info:    ------------------------------------------------------
9598  |Info:    [ProfileManager] Profile loading: Succeeded for HyperX Fury RGB @ I2C: /dev/i2c-10, address 0x27
9598  |Info:    [ProfileManager] Profile loading: Succeeded for Corsair Commander Core @ HID: /dev/hidraw2
9598  |Info:    [ProfileManager] Profile loading: Succeeded for Strimer L Connect @ HID: /dev/hidraw7
9598  |Info:    [ProfileManager] Profile loading: Succeeded for Corsair Lighting Node Core @ HID: /dev/hidraw8
9598  |Info:    [ProfileManager] Profile loading: Succeeded for ASUS ROG Strix Impact II Wireless 2.4 Ghz @ HID: /dev/hidraw4
9598  |Info:    [ProfileManager] Profile loading: Succeeded for MSI B550-A PRO (MS-7C56) @ HID: /dev/hidraw13
9598  |Info:    [ProfileManager] Profile loading: Succeeded for Corsair Scimitar Elite RGB @ HID: /dev/hidraw15
10269 |Info:    [ProfileManager] Profile loading: Succeeded for HyperX Fury RGB @ I2C: /dev/i2c-10, address 0x27
10269 |Info:    [ProfileManager] Profile loading: Succeeded for Corsair Commander Core @ HID: /dev/hidraw2
10269 |Info:    [ProfileManager] Profile loading: Succeeded for Strimer L Connect @ HID: /dev/hidraw7
10269 |Info:    [ProfileManager] Profile loading: Succeeded for Corsair Lighting Node Core @ HID: /dev/hidraw8
10269 |Info:    [ProfileManager] Profile loading: Succeeded for ASUS ROG Strix Impact II Wireless 2.4 Ghz @ HID: /dev/hidraw4
10269 |Info:    [ProfileManager] Profile loading: Succeeded for MSI B550-A PRO (MS-7C56) @ HID: /dev/hidraw13
10269 |Info:    [ProfileManager] Profile loading: Succeeded for Corsair Scimitar Elite RGB @ HID: /dev/hidraw15
10526 |Info:    [ProfileManager] Profile loading: Succeeded for HyperX Fury RGB @ I2C: /dev/i2c-10, address 0x27
10526 |Info:    [ProfileManager] Profile loading: Succeeded for Corsair Commander Core @ HID: /dev/hidraw2
10526 |Info:    [ProfileManager] Profile loading: Succeeded for Strimer L Connect @ HID: /dev/hidraw7
10526 |Info:    [ProfileManager] Profile loading: Succeeded for Corsair Lighting Node Core @ HID: /dev/hidraw8
10526 |Info:    [ProfileManager] Profile loading: Succeeded for ASUS ROG Strix Impact II Wireless 2.4 Ghz @ HID: /dev/hidraw4
10526 |Info:    [ProfileManager] Profile loading: Succeeded for MSI B550-A PRO (MS-7C56) @ HID: /dev/hidraw13
10526 |Info:    [ProfileManager] Profile loading: Succeeded for Corsair Scimitar Elite RGB @ HID: /dev/hidraw15
16310 |Info:    [ProfileManager] Profile loading: Succeeded for HyperX Fury RGB @ I2C: /dev/i2c-10, address 0x27
16310 |Info:    [ProfileManager] Profile loading: Succeeded for Corsair Commander Core @ HID: /dev/hidraw2
16310 |Info:    [ProfileManager] Profile loading: Succeeded for Strimer L Connect @ HID: /dev/hidraw7
16310 |Info:    [ProfileManager] Profile loading: Succeeded for Corsair Lighting Node Core @ HID: /dev/hidraw8
16310 |Info:    [ProfileManager] Profile loading: Succeeded for ASUS ROG Strix Impact II Wireless 2.4 Ghz @ HID: /dev/hidraw4
16310 |Info:    [ProfileManager] Profile loading: Succeeded for MSI B550-A PRO (MS-7C56) @ HID: /dev/hidraw13
16310 |Info:    [ProfileManager] Profile loading: Succeeded for Corsair Scimitar Elite RGB @ HID: /dev/hidraw15
246991|Info:    [ProfileManager] Profile loading: Succeeded for HyperX Fury RGB @ I2C: /dev/i2c-10, address 0x27
246991|Info:    [ProfileManager] Profile loading: Succeeded for Corsair Commander Core @ HID: /dev/hidraw2
246991|Info:    [ProfileManager] Profile loading: Succeeded for Strimer L Connect @ HID: /dev/hidraw7
246991|Info:    [ProfileManager] Profile loading: Succeeded for Corsair Lighting Node Core @ HID: /dev/hidraw8
246991|Info:    [ProfileManager] Profile loading: Succeeded for ASUS ROG Strix Impact II Wireless 2.4 Ghz @ HID: /dev/hidraw4
246991|Info:    [ProfileManager] Profile loading: Succeeded for MSI B550-A PRO (MS-7C56) @ HID: /dev/hidraw13
246991|Info:    [ProfileManager] Profile loading: Succeeded for Corsair Scimitar Elite RGB @ HID: /dev/hidraw15
