    OpenRGB v0.9+ (git1721)
    Commit: 6e53097f83e2b086006e407749a4377ff991e342 from 2025-11-23 10:38:31 +0800
    Launched: 20251127_150413
====================================================================================================

0     |Info:    [ProfileManager] Found file: Green.orp attempting to validate header
0     |Info:    [ProfileManager] Valid v5 profile found for Green
851   |ERROR:   [NetworkServer] Could not bind network socket. Is port 6742 already being used?
851   |Info:    [ResourceManager] Calling Post-detection callbacks
851   |Info:    ------------------------------------------------------
851   |Info:    |                Detection completed                 |
851   |Info:    ------------------------------------------------------
851   |Info:    [ProfileManager] Profile loading: Succeeded for HyperX Predator RGB @ I2C: /dev/i2c-10, address 0x27
851   |Info:    [ProfileManager] Profile loading: Succeeded for PowerColor Red Devil RX6900XT Ultimate @ I2C:/dev/i2c-6, address 0x22
851   |Info:    [ProfileManager] Profile loading: Succeeded for Corsair Commander Core @ HID: /dev/hidraw2
851   |Info:    [ProfileManager] Profile loading: Succeeded for Lian Li Strimer L Connect @ HID: /dev/hidraw7
851   |Info:    [ProfileManager] Profile loading: Succeeded for Corsair Lighting Node Core @ HID: /dev/hidraw8
851   |Info:    [ProfileManager] Profile loading: Succeeded for ASUS ROG Strix Impact II Wireless 2.4 Ghz @ HID: /dev/hidraw4
851   |Info:    [ProfileManager] Profile loading: Succeeded for Anne Pro 2 @ HID: /dev/hidraw10
851   |Info:    [ProfileManager] Profile loading: Succeeded for MSI B550-A PRO (MS-7C56) @ HID: /dev/hidraw13
851   |Info:    [ProfileManager] Profile loading: Succeeded for Corsair Scimitar Elite RGB @ HID: /dev/hidraw15
