    OpenRGB v0.9+ (git1721)
    Commit: 6e53097f83e2b086006e407749a4377ff991e342 from 2025-11-23 10:38:31 +0800
    Launched: 20251123_202434
====================================================================================================

0     |Info:    [ProfileManager] Found file: Green.orp attempting to validate header
0     |Info:    [ProfileManager] Valid v4 profile found for Green
683   |Info:    [ResourceManager] Calling Post-detection callbacks
683   |Info:    ------------------------------------------------------
683   |Info:    |                Detection completed                 |
683   |Info:    ------------------------------------------------------
17561 |Info:    [ResourceManager] Calling Post-detection callbacks
17561 |Info:    ------------------------------------------------------
17561 |Info:    |                Detection completed                 |
17561 |Info:    ------------------------------------------------------
18197 |Info:    [ResourceManager] Calling Post-detection callbacks
18197 |Info:    ------------------------------------------------------
18197 |Info:    |                Detection completed                 |
18197 |Info:    ------------------------------------------------------
18368 |Info:    [ResourceManager] Calling Post-detection callbacks
18368 |Info:    ------------------------------------------------------
18368 |Info:    |                Detection completed                 |
18368 |Info:    ------------------------------------------------------
18535 |Info:    [ResourceManager] Calling Post-detection callbacks
18535 |Info:    ------------------------------------------------------
18535 |Info:    |                Detection completed                 |
18535 |Info:    ------------------------------------------------------
18692 |Info:    [ResourceManager] Calling Post-detection callbacks
18693 |Info:    ------------------------------------------------------
18693 |Info:    |                Detection completed                 |
18693 |Info:    ------------------------------------------------------
20765 |Info:    [ResourceManager] Calling Post-detection callbacks
20765 |Info:    ------------------------------------------------------
20765 |Info:    |                Detection completed                 |
20765 |Info:    ------------------------------------------------------
20962 |Info:    [ResourceManager] Calling Post-detection callbacks
20962 |Info:    ------------------------------------------------------
20962 |Info:    |                Detection completed                 |
20962 |Info:    ------------------------------------------------------
21139 |Info:    [ResourceManager] Calling Post-detection callbacks
21139 |Info:    ------------------------------------------------------
21139 |Info:    |                Detection completed                 |
21139 |Info:    ------------------------------------------------------
21599 |Info:    [ResourceManager] Calling Post-detection callbacks
21599 |Info:    ------------------------------------------------------
21599 |Info:    |                Detection completed                 |
21599 |Info:    ------------------------------------------------------
21779 |Info:    [ResourceManager] Calling Post-detection callbacks
21779 |Info:    ------------------------------------------------------
21779 |Info:    |                Detection completed                 |
21779 |Info:    ------------------------------------------------------
22866 |Info:    [ResourceManager] Calling Post-detection callbacks
22866 |Info:    ------------------------------------------------------
22866 |Info:    |                Detection completed                 |
22866 |Info:    ------------------------------------------------------
23057 |Info:    [ResourceManager] Calling Post-detection callbacks
23057 |Info:    ------------------------------------------------------
23057 |Info:    |                Detection completed                 |
23057 |Info:    ------------------------------------------------------
48689 |Info:    [ProfileManager] Found file: Green.orp attempting to validate header
48689 |Info:    [ProfileManager] Valid v5 profile found for Green
48867 |Info:    [ProfileManager] Found file: Green.orp attempting to validate header
48867 |Info:    [ProfileManager] Valid v5 profile found for Green
49056 |Info:    [ProfileManager] Found file: Green.orp attempting to validate header
49056 |Info:    [ProfileManager] Valid v5 profile found for Green
49199 |Info:    [ProfileManager] Found file: Green.orp attempting to validate header
49199 |Info:    [ProfileManager] Valid v5 profile found for Green
50390 |Info:    [ProfileManager] Found file: Green.orp attempting to validate header
50390 |Info:    [ProfileManager] Valid v5 profile found for Green
50560 |Info:    [ProfileManager] Found file: Green.orp attempting to validate header
50560 |Info:    [ProfileManager] Valid v5 profile found for Green
50729 |Info:    [ProfileManager] Found file: Green.orp attempting to validate header
50729 |Info:    [ProfileManager] Valid v5 profile found for Green
