    OpenRGB v0.9
    Commit: b5f46e3f1de03595656c682fc2f068b66e735e63 from 2023-07-09 22:51:47 -0500
    Launched: 20251111_183258
====================================================================================================

0     |Info:    Found file: Green.orp attempting to validate header
0     |Info:    Valid v4 profile found for Green
1001  |Info:    ------------------------------------------------------
1001  |Info:    |               Start device detection               |
1001  |Info:    ------------------------------------------------------
1002  |Info:    Initializing HID interfaces: Success
1024  |Info:    ------------------------------------------------------
1024  |Info:    |             Detecting I2C interfaces               |
1024  |Info:    ------------------------------------------------------
1024  |Info:    Registering I2C interface: /dev/i2c-3 Device 1002:73AF Subsystem: 148C:2414
1025  |Info:    Registering I2C interface: /dev/i2c-10 Device 1022:790B Subsystem: 1462:7C56
1025  |Info:    Registering I2C interface: /dev/i2c-1 Device 1002:73AF Subsystem: 148C:2414
1025  |Warning: [i2c_smbus_linux] Failed to read i2c device PCI device ID
1025  |Info:    Registering I2C interface: /dev/i2c-8 Device 0000:0000 Subsystem: 0000:0000
1025  |Info:    Registering I2C interface: /dev/i2c-6 Device 1002:73AF Subsystem: 148C:2414
1025  |Info:    Registering I2C interface: /dev/i2c-4 Device 1002:73AF Subsystem: 148C:2414
1025  |Info:    Registering I2C interface: /dev/i2c-11 Device 1022:790B Subsystem: 1462:7C56
1025  |Info:    Registering I2C interface: /dev/i2c-2 Device 1002:73AF Subsystem: 148C:2414
1025  |Info:    Registering I2C interface: /dev/i2c-0 Device 1002:73AF Subsystem: 148C:2414
1025  |Warning: [i2c_smbus_linux] Failed to read i2c device PCI device ID
1025  |Info:    Registering I2C interface: /dev/i2c-9 Device 0000:0000 Subsystem: 0000:0000
1025  |Warning: [i2c_smbus_linux] Failed to read i2c device PCI device ID
1025  |Info:    Registering I2C interface: /dev/i2c-7 Device 0000:0000 Subsystem: 0000:0000
1025  |Info:    Registering I2C interface: /dev/i2c-5 Device 1002:73AF Subsystem: 148C:2414
1025  |Info:    Registering I2C interface: /dev/i2c-12 Device 1022:790B Subsystem: 1462:7C56
1025  |Info:    ------------------------------------------------------
1025  |Info:    |               Detecting I2C devices                |
1025  |Info:    ------------------------------------------------------
2082  |Info:    [HyperX Fury RGB] Registering RGB controller
2086  |Info:    ------------------------------------------------------
2086  |Info:    |               Detecting I2C PCI devices            |
2086  |Info:    ------------------------------------------------------
2087  |Info:    ------------------------------------------------------
2087  |Info:    |               Detecting HID devices                |
2087  |Info:    ------------------------------------------------------
2226  |Info:    [Corsair Commander Core] Registering RGB controller
2280  |Info:    [Strimer L Connect] Registering RGB controller
2332  |Info:    [Corsair Lighting Node Core] Registering RGB controller
2388  |Info:    [ASUS ROG Strix Impact II Wireless 2.4 Ghz] Registering RGB controller
2459  |Info:    [MSI B550-A PRO (MS-7C56)] Registering RGB controller
3538  |Info:    [Corsair Scimitar Elite RGB] Registering RGB controller
3538  |Info:    ------------------------------------------------------
3538  |Info:    |            Detecting libusb HID devices            |
3538  |Info:    ------------------------------------------------------
3760  |Info:    ------------------------------------------------------
3760  |Info:    |              Detecting other devices               |
3760  |Info:    ------------------------------------------------------
3773  |Info:    ------------------------------------------------------
3773  |Info:    |                Detection completed                 |
3773  |Info:    ------------------------------------------------------
5383  |Info:    Profile loading: Succeeded for HyperX Fury RGB @ I2C: /dev/i2c-10, address 0x27
5383  |Info:    Profile loading: Succeeded for Corsair Commander Core @ HID: /dev/hidraw5
5383  |Info:    Profile loading: Succeeded for Strimer L Connect @ HID: /dev/hidraw11
5383  |Info:    Profile loading: Succeeded for Corsair Lighting Node Core @ HID: /dev/hidraw12
5383  |Info:    Profile loading: Succeeded for ASUS ROG Strix Impact II Wireless 2.4 Ghz @ HID: /dev/hidraw2
5383  |Info:    Profile loading: Succeeded for MSI B550-A PRO (MS-7C56) @ HID: /dev/hidraw13
5383  |Info:    Profile loading: Succeeded for Corsair Scimitar Elite RGB @ HID: /dev/hidraw15
