    OpenRGB v0.9
    Commit: b5f46e3f1de03595656c682fc2f068b66e735e63 from 2023-07-09 22:51:47 -0500
    Launched: 20251111_185828
====================================================================================================

0     |Info:    Found file: Green.orp attempting to validate header
0     |Info:    Valid v4 profile found for Green
1001  |Info:    ------------------------------------------------------
1001  |Info:    |               Start device detection               |
1001  |Info:    ------------------------------------------------------
1002  |Info:    Initializing HID interfaces: Success
1025  |Info:    ------------------------------------------------------
1025  |Info:    |             Detecting I2C interfaces               |
1025  |Info:    ------------------------------------------------------
1025  |Info:    Registering I2C interface: /dev/i2c-3 Device 1002:73AF Subsystem: 148C:2414
1025  |Info:    Registering I2C interface: /dev/i2c-10 Device 1022:790B Subsystem: 1462:7C56
1025  |Info:    Registering I2C interface: /dev/i2c-1 Device 1002:73AF Subsystem: 148C:2414
1025  |Warning: [i2c_smbus_linux] Failed to read i2c device PCI device ID
1026  |Info:    Registering I2C interface: /dev/i2c-8 Device 0000:0000 Subsystem: 0000:0000
1026  |Info:    Registering I2C interface: /dev/i2c-6 Device 1002:73AF Subsystem: 148C:2414
1026  |Info:    Registering I2C interface: /dev/i2c-4 Device 1002:73AF Subsystem: 148C:2414
1026  |Info:    Registering I2C interface: /dev/i2c-11 Device 1022:790B Subsystem: 1462:7C56
1026  |Info:    Registering I2C interface: /dev/i2c-2 Device 1002:73AF Subsystem: 148C:2414
1026  |Info:    Registering I2C interface: /dev/i2c-0 Device 1002:73AF Subsystem: 148C:2414
1026  |Warning: [i2c_smbus_linux] Failed to read i2c device PCI device ID
1026  |Info:    Registering I2C interface: /dev/i2c-9 Device 0000:0000 Subsystem: 0000:0000
1026  |Warning: [i2c_smbus_linux] Failed to read i2c device PCI device ID
1026  |Info:    Registering I2C interface: /dev/i2c-7 Device 0000:0000 Subsystem: 0000:0000
1026  |Info:    Registering I2C interface: /dev/i2c-5 Device 1002:73AF Subsystem: 148C:2414
1026  |Info:    Registering I2C interface: /dev/i2c-12 Device 1022:790B Subsystem: 1462:7C56
1026  |Info:    ------------------------------------------------------
1026  |Info:    |               Detecting I2C devices                |
1026  |Info:    ------------------------------------------------------
2082  |Info:    [HyperX Fury RGB] Registering RGB controller
2086  |Info:    ------------------------------------------------------
2086  |Info:    |               Detecting I2C PCI devices            |
2086  |Info:    ------------------------------------------------------
2087  |Info:    ------------------------------------------------------
2087  |Info:    |               Detecting HID devices                |
2087  |Info:    ------------------------------------------------------
2144  |Info:    [Corsair Commander Core] Registering RGB controller
2145  |Info:    [Strimer L Connect] Registering RGB controller
2147  |Info:    [Corsair Lighting Node Core] Registering RGB controller
2154  |Info:    [ASUS ROG Strix Impact II Wireless 2.4 Ghz] Registering RGB controller
2176  |Info:    [MSI B550-A PRO (MS-7C56)] Registering RGB controller
3206  |Info:    [Corsair Scimitar Elite RGB] Registering RGB controller
3206  |Info:    ------------------------------------------------------
3206  |Info:    |            Detecting libusb HID devices            |
3206  |Info:    ------------------------------------------------------
3427  |Info:    ------------------------------------------------------
3427  |Info:    |              Detecting other devices               |
3427  |Info:    ------------------------------------------------------
3440  |Info:    ------------------------------------------------------
3440  |Info:    |                Detection completed                 |
3440  |Info:    ------------------------------------------------------
