    OpenRGB v0.9
    Commit: b5f46e3f1de03595656c682fc2f068b66e735e63 from 2023-07-09 22:51:47 -0500
    Launched: 20251112_214637
====================================================================================================

0     |Info:    Found file: Green.orp attempting to validate header
0     |Info:    Valid v4 profile found for Green
353394|Info:    Found file: Green.orp attempting to validate header
353394|Info:    Valid v4 profile found for Green
354018|Info:    Found file: Green.orp attempting to validate header
354018|Info:    Valid v4 profile found for Green
354157|Info:    Found file: Green.orp attempting to validate header
354157|Info:    Valid v4 profile found for Green
371937|Info:    Found file: Green.orp attempting to validate header
371937|Info:    Valid v4 profile found for Green
372361|Info:    Found file: Green.orp attempting to validate header
372361|Info:    Valid v4 profile found for Green
372521|Info:    Found file: Green.orp attempting to validate header
372521|Info:    Valid v4 profile found for Green
375309|Info:    Found file: Green.orp attempting to validate header
375309|Info:    Valid v4 profile found for Green
390770|Info:    Found file: Green.orp attempting to validate header
390770|Info:    Valid v4 profile found for Green
390956|Info:    Found file: Green.orp attempting to validate header
390956|Info:    Valid v4 profile found for Green
391130|Info:    Found file: Green.orp attempting to validate header
391130|Info:    Valid v4 profile found for Green
391320|Info:    Found file: Green.orp attempting to validate header
391320|Info:    Valid v4 profile found for Green
391530|Info:    Found file: Green.orp attempting to validate header
391530|Info:    Valid v4 profile found for Green
391724|Info:    Found file: Green.orp attempting to validate header
391724|Info:    Valid v4 profile found for Green
391890|Info:    Found file: Green.orp attempting to validate header
391890|Info:    Valid v4 profile found for Green
392062|Info:    Found file: Green.orp attempting to validate header
392062|Info:    Valid v4 profile found for Green
