    OpenRGB v0.9+ (git1721)
    Commit: 6e53097f83e2b086006e407749a4377ff991e342 from 2025-11-23 10:38:31 +0800
    Launched: 20251125_194443
====================================================================================================

0     |Info:    [ProfileManager] Found file: Green.orp attempting to validate header
0     |Info:    [ProfileManager] Valid v5 profile found for Green
764   |Info:    [ResourceManager] Calling Post-detection callbacks
764   |Info:    ------------------------------------------------------
764   |Info:    |                Detection completed                 |
764   |Info:    ------------------------------------------------------
2889  |Info:    [ProfileManager] Profile loading: Succeeded for HyperX Predator RGB @ I2C: /dev/i2c-10, address 0x27
2889  |Info:    [ProfileManager] Profile loading: Succeeded for PowerColor Red Devil RX6900XT Ultimate @ I2C:/dev/i2c-6, address 0x22
2889  |Info:    [ProfileManager] Profile loading: Succeeded for Lian Li Strimer L Connect @ HID: /dev/hidraw7
2889  |Info:    [ProfileManager] Profile loading: Succeeded for Corsair Lighting Node Core @ HID: /dev/hidraw8
2889  |Info:    [ProfileManager] Profile loading: Succeeded for ASUS ROG Strix Impact II Wireless 2.4 Ghz @ HID: /dev/hidraw4
2889  |Info:    [ProfileManager] Profile loading: Succeeded for Anne Pro 2 @ HID: /dev/hidraw10
2889  |Info:    [ProfileManager] Profile loading: Succeeded for MSI B550-A PRO (MS-7C56) @ HID: /dev/hidraw13
2889  |Info:    [ProfileManager] Profile loading: Succeeded for Corsair Scimitar Elite RGB @ HID: /dev/hidraw15
3485  |Info:    [ProfileManager] Profile loading: Succeeded for HyperX Predator RGB @ I2C: /dev/i2c-10, address 0x27
3485  |Info:    [ProfileManager] Profile loading: Succeeded for PowerColor Red Devil RX6900XT Ultimate @ I2C:/dev/i2c-6, address 0x22
3485  |Info:    [ProfileManager] Profile loading: Succeeded for Lian Li Strimer L Connect @ HID: /dev/hidraw7
3485  |Info:    [ProfileManager] Profile loading: Succeeded for Corsair Lighting Node Core @ HID: /dev/hidraw8
3485  |Info:    [ProfileManager] Profile loading: Succeeded for ASUS ROG Strix Impact II Wireless 2.4 Ghz @ HID: /dev/hidraw4
3485  |Info:    [ProfileManager] Profile loading: Succeeded for Anne Pro 2 @ HID: /dev/hidraw10
3485  |Info:    [ProfileManager] Profile loading: Succeeded for MSI B550-A PRO (MS-7C56) @ HID: /dev/hidraw13
3485  |Info:    [ProfileManager] Profile loading: Succeeded for Corsair Scimitar Elite RGB @ HID: /dev/hidraw15
9160  |Info:    [ProfileManager] Found file: Green.orp attempting to validate header
9160  |Info:    [ProfileManager] Valid v5 profile found for Green
9332  |Info:    [ProfileManager] Found file: Green.orp attempting to validate header
9332  |Info:    [ProfileManager] Valid v5 profile found for Green
9464  |Info:    [ProfileManager] Found file: Green.orp attempting to validate header
9464  |Info:    [ProfileManager] Valid v5 profile found for Green
