    OpenRGB v0.9+ (git1721)
    Commit: 6e53097f83e2b086006e407749a4377ff991e342 from 2025-11-23 10:38:31 +0800
    Launched: 20251125_194254
====================================================================================================

8     |Info:    [ProfileManager] Found file: Green.orp attempting to validate header
8     |Info:    [ProfileManager] Valid v5 profile found for Green
773   |Info:    [ResourceManager] Calling Post-detection callbacks
773   |Info:    ------------------------------------------------------
773   |Info:    |                Detection completed                 |
773   |Info:    ------------------------------------------------------
2787  |Info:    [ResourceManager] Calling Post-detection callbacks
2787  |Info:    ------------------------------------------------------
2787  |Info:    |                Detection completed                 |
2787  |Info:    ------------------------------------------------------
3294  |Info:    [ResourceManager] Calling Post-detection callbacks
3294  |Info:    ------------------------------------------------------
3294  |Info:    |                Detection completed                 |
3294  |Info:    ------------------------------------------------------
3477  |Info:    [ResourceManager] Calling Post-detection callbacks
3477  |Info:    ------------------------------------------------------
3477  |Info:    |                Detection completed                 |
3477  |Info:    ------------------------------------------------------
14134 |Info:    [ProfileManager] Profile loading: FAILED! for HyperX Predator RGB @ I2C: /dev/i2c-10, address 0x27
14134 |Info:    [ProfileManager] Profile loading: FAILED! for PowerColor Red Devil RX6900XT Ultimate @ I2C:/dev/i2c-6, address 0x22
14134 |Info:    [ProfileManager] Profile loading: FAILED! for Lian Li Strimer L Connect @ HID: /dev/hidraw7
14134 |Info:    [ProfileManager] Profile loading: Succeeded for Corsair Lighting Node Core @ HID: /dev/hidraw8
14134 |Info:    [ProfileManager] Profile loading: Succeeded for ASUS ROG Strix Impact II Wireless 2.4 Ghz @ HID: /dev/hidraw4
14134 |Info:    [ProfileManager] Profile loading: FAILED! for Anne Pro 2 @ HID: /dev/hidraw10
14134 |Info:    [ProfileManager] Profile loading: Succeeded for MSI B550-A PRO (MS-7C56) @ HID: /dev/hidraw13
14134 |Info:    [ProfileManager] Profile loading: Succeeded for Corsair Scimitar Elite RGB @ HID: /dev/hidraw15
14601 |Info:    [ProfileManager] Profile loading: FAILED! for HyperX Predator RGB @ I2C: /dev/i2c-10, address 0x27
14601 |Info:    [ProfileManager] Profile loading: FAILED! for PowerColor Red Devil RX6900XT Ultimate @ I2C:/dev/i2c-6, address 0x22
14601 |Info:    [ProfileManager] Profile loading: FAILED! for Lian Li Strimer L Connect @ HID: /dev/hidraw7
14601 |Info:    [ProfileManager] Profile loading: Succeeded for Corsair Lighting Node Core @ HID: /dev/hidraw8
14601 |Info:    [ProfileManager] Profile loading: Succeeded for ASUS ROG Strix Impact II Wireless 2.4 Ghz @ HID: /dev/hidraw4
14601 |Info:    [ProfileManager] Profile loading: FAILED! for Anne Pro 2 @ HID: /dev/hidraw10
14601 |Info:    [ProfileManager] Profile loading: Succeeded for MSI B550-A PRO (MS-7C56) @ HID: /dev/hidraw13
14601 |Info:    [ProfileManager] Profile loading: Succeeded for Corsair Scimitar Elite RGB @ HID: /dev/hidraw15
14740 |Info:    [ProfileManager] Profile loading: FAILED! for HyperX Predator RGB @ I2C: /dev/i2c-10, address 0x27
14740 |Info:    [ProfileManager] Profile loading: FAILED! for PowerColor Red Devil RX6900XT Ultimate @ I2C:/dev/i2c-6, address 0x22
14740 |Info:    [ProfileManager] Profile loading: FAILED! for Lian Li Strimer L Connect @ HID: /dev/hidraw7
14740 |Info:    [ProfileManager] Profile loading: Succeeded for Corsair Lighting Node Core @ HID: /dev/hidraw8
14740 |Info:    [ProfileManager] Profile loading: Succeeded for ASUS ROG Strix Impact II Wireless 2.4 Ghz @ HID: /dev/hidraw4
14740 |Info:    [ProfileManager] Profile loading: FAILED! for Anne Pro 2 @ HID: /dev/hidraw10
14740 |Info:    [ProfileManager] Profile loading: Succeeded for MSI B550-A PRO (MS-7C56) @ HID: /dev/hidraw13
14740 |Info:    [ProfileManager] Profile loading: Succeeded for Corsair Scimitar Elite RGB @ HID: /dev/hidraw15
40749 |Info:    [ProfileManager] Found file: Green.orp attempting to validate header
40749 |Info:    [ProfileManager] Valid v5 profile found for Green
44611 |Info:    [ProfileManager] Found file: Green.orp attempting to validate header
44611 |Info:    [ProfileManager] Valid v5 profile found for Green
44779 |Info:    [ProfileManager] Found file: Green.orp attempting to validate header
44779 |Info:    [ProfileManager] Valid v5 profile found for Green
52477 |Info:    [ProfileManager] Profile loading: Succeeded for HyperX Predator RGB @ I2C: /dev/i2c-10, address 0x27
52477 |Info:    [ProfileManager] Profile loading: Succeeded for PowerColor Red Devil RX6900XT Ultimate @ I2C:/dev/i2c-6, address 0x22
52477 |Info:    [ProfileManager] Profile loading: Succeeded for Lian Li Strimer L Connect @ HID: /dev/hidraw7
52477 |Info:    [ProfileManager] Profile loading: Succeeded for Corsair Lighting Node Core @ HID: /dev/hidraw8
52477 |Info:    [ProfileManager] Profile loading: Succeeded for ASUS ROG Strix Impact II Wireless 2.4 Ghz @ HID: /dev/hidraw4
52477 |Info:    [ProfileManager] Profile loading: Succeeded for Anne Pro 2 @ HID: /dev/hidraw10
52477 |Info:    [ProfileManager] Profile loading: Succeeded for MSI B550-A PRO (MS-7C56) @ HID: /dev/hidraw13
52477 |Info:    [ProfileManager] Profile loading: Succeeded for Corsair Scimitar Elite RGB @ HID: /dev/hidraw15
54762 |Info:    [ProfileManager] Profile loading: Succeeded for HyperX Predator RGB @ I2C: /dev/i2c-10, address 0x27
54762 |Info:    [ProfileManager] Profile loading: Succeeded for PowerColor Red Devil RX6900XT Ultimate @ I2C:/dev/i2c-6, address 0x22
54762 |Info:    [ProfileManager] Profile loading: Succeeded for Lian Li Strimer L Connect @ HID: /dev/hidraw7
54762 |Info:    [ProfileManager] Profile loading: Succeeded for Corsair Lighting Node Core @ HID: /dev/hidraw8
54762 |Info:    [ProfileManager] Profile loading: Succeeded for ASUS ROG Strix Impact II Wireless 2.4 Ghz @ HID: /dev/hidraw4
54762 |Info:    [ProfileManager] Profile loading: Succeeded for Anne Pro 2 @ HID: /dev/hidraw10
54762 |Info:    [ProfileManager] Profile loading: Succeeded for MSI B550-A PRO (MS-7C56) @ HID: /dev/hidraw13
54762 |Info:    [ProfileManager] Profile loading: Succeeded for Corsair Scimitar Elite RGB @ HID: /dev/hidraw15
55283 |Info:    [ProfileManager] Profile loading: Succeeded for HyperX Predator RGB @ I2C: /dev/i2c-10, address 0x27
55283 |Info:    [ProfileManager] Profile loading: Succeeded for PowerColor Red Devil RX6900XT Ultimate @ I2C:/dev/i2c-6, address 0x22
55283 |Info:    [ProfileManager] Profile loading: Succeeded for Lian Li Strimer L Connect @ HID: /dev/hidraw7
55283 |Info:    [ProfileManager] Profile loading: Succeeded for Corsair Lighting Node Core @ HID: /dev/hidraw8
55283 |Info:    [ProfileManager] Profile loading: Succeeded for ASUS ROG Strix Impact II Wireless 2.4 Ghz @ HID: /dev/hidraw4
55283 |Info:    [ProfileManager] Profile loading: Succeeded for Anne Pro 2 @ HID: /dev/hidraw10
55283 |Info:    [ProfileManager] Profile loading: Succeeded for MSI B550-A PRO (MS-7C56) @ HID: /dev/hidraw13
55283 |Info:    [ProfileManager] Profile loading: Succeeded for Corsair Scimitar Elite RGB @ HID: /dev/hidraw15
55669 |Info:    [ProfileManager] Profile loading: Succeeded for HyperX Predator RGB @ I2C: /dev/i2c-10, address 0x27
55669 |Info:    [ProfileManager] Profile loading: Succeeded for PowerColor Red Devil RX6900XT Ultimate @ I2C:/dev/i2c-6, address 0x22
55669 |Info:    [ProfileManager] Profile loading: Succeeded for Lian Li Strimer L Connect @ HID: /dev/hidraw7
55669 |Info:    [ProfileManager] Profile loading: Succeeded for Corsair Lighting Node Core @ HID: /dev/hidraw8
55669 |Info:    [ProfileManager] Profile loading: Succeeded for ASUS ROG Strix Impact II Wireless 2.4 Ghz @ HID: /dev/hidraw4
55669 |Info:    [ProfileManager] Profile loading: Succeeded for Anne Pro 2 @ HID: /dev/hidraw10
55669 |Info:    [ProfileManager] Profile loading: Succeeded for MSI B550-A PRO (MS-7C56) @ HID: /dev/hidraw13
55669 |Info:    [ProfileManager] Profile loading: Succeeded for Corsair Scimitar Elite RGB @ HID: /dev/hidraw15
56009 |Info:    [ProfileManager] Profile loading: Succeeded for HyperX Predator RGB @ I2C: /dev/i2c-10, address 0x27
56009 |Info:    [ProfileManager] Profile loading: Succeeded for PowerColor Red Devil RX6900XT Ultimate @ I2C:/dev/i2c-6, address 0x22
56009 |Info:    [ProfileManager] Profile loading: Succeeded for Lian Li Strimer L Connect @ HID: /dev/hidraw7
56009 |Info:    [ProfileManager] Profile loading: Succeeded for Corsair Lighting Node Core @ HID: /dev/hidraw8
56009 |Info:    [ProfileManager] Profile loading: Succeeded for ASUS ROG Strix Impact II Wireless 2.4 Ghz @ HID: /dev/hidraw4
56009 |Info:    [ProfileManager] Profile loading: Succeeded for Anne Pro 2 @ HID: /dev/hidraw10
56009 |Info:    [ProfileManager] Profile loading: Succeeded for MSI B550-A PRO (MS-7C56) @ HID: /dev/hidraw13
56009 |Info:    [ProfileManager] Profile loading: Succeeded for Corsair Scimitar Elite RGB @ HID: /dev/hidraw15
56208 |Info:    [ProfileManager] Profile loading: Succeeded for HyperX Predator RGB @ I2C: /dev/i2c-10, address 0x27
56208 |Info:    [ProfileManager] Profile loading: Succeeded for PowerColor Red Devil RX6900XT Ultimate @ I2C:/dev/i2c-6, address 0x22
56208 |Info:    [ProfileManager] Profile loading: Succeeded for Lian Li Strimer L Connect @ HID: /dev/hidraw7
56208 |Info:    [ProfileManager] Profile loading: Succeeded for Corsair Lighting Node Core @ HID: /dev/hidraw8
56208 |Info:    [ProfileManager] Profile loading: Succeeded for ASUS ROG Strix Impact II Wireless 2.4 Ghz @ HID: /dev/hidraw4
56208 |Info:    [ProfileManager] Profile loading: Succeeded for Anne Pro 2 @ HID: /dev/hidraw10
56208 |Info:    [ProfileManager] Profile loading: Succeeded for MSI B550-A PRO (MS-7C56) @ HID: /dev/hidraw13
56208 |Info:    [ProfileManager] Profile loading: Succeeded for Corsair Scimitar Elite RGB @ HID: /dev/hidraw15
56359 |Info:    [ProfileManager] Profile loading: Succeeded for HyperX Predator RGB @ I2C: /dev/i2c-10, address 0x27
56359 |Info:    [ProfileManager] Profile loading: Succeeded for PowerColor Red Devil RX6900XT Ultimate @ I2C:/dev/i2c-6, address 0x22
56359 |Info:    [ProfileManager] Profile loading: Succeeded for Lian Li Strimer L Connect @ HID: /dev/hidraw7
56359 |Info:    [ProfileManager] Profile loading: Succeeded for Corsair Lighting Node Core @ HID: /dev/hidraw8
56359 |Info:    [ProfileManager] Profile loading: Succeeded for ASUS ROG Strix Impact II Wireless 2.4 Ghz @ HID: /dev/hidraw4
56359 |Info:    [ProfileManager] Profile loading: Succeeded for Anne Pro 2 @ HID: /dev/hidraw10
56359 |Info:    [ProfileManager] Profile loading: Succeeded for MSI B550-A PRO (MS-7C56) @ HID: /dev/hidraw13
56359 |Info:    [ProfileManager] Profile loading: Succeeded for Corsair Scimitar Elite RGB @ HID: /dev/hidraw15
62688 |Info:    [ProfileManager] Profile loading: Succeeded for HyperX Predator RGB @ I2C: /dev/i2c-10, address 0x27
62688 |Info:    [ProfileManager] Profile loading: Succeeded for PowerColor Red Devil RX6900XT Ultimate @ I2C:/dev/i2c-6, address 0x22
62688 |Info:    [ProfileManager] Profile loading: Succeeded for Lian Li Strimer L Connect @ HID: /dev/hidraw7
62688 |Info:    [ProfileManager] Profile loading: Succeeded for Corsair Lighting Node Core @ HID: /dev/hidraw8
62688 |Info:    [ProfileManager] Profile loading: Succeeded for ASUS ROG Strix Impact II Wireless 2.4 Ghz @ HID: /dev/hidraw4
62688 |Info:    [ProfileManager] Profile loading: Succeeded for Anne Pro 2 @ HID: /dev/hidraw10
62688 |Info:    [ProfileManager] Profile loading: Succeeded for MSI B550-A PRO (MS-7C56) @ HID: /dev/hidraw13
62688 |Info:    [ProfileManager] Profile loading: Succeeded for Corsair Scimitar Elite RGB @ HID: /dev/hidraw15
77056 |Info:    [ProfileManager] Found file: Green.orp attempting to validate header
77056 |Info:    [ProfileManager] Valid v5 profile found for Green
78588 |Info:    [ProfileManager] Found file: Green.orp attempting to validate header
78588 |Info:    [ProfileManager] Valid v5 profile found for Green
78758 |Info:    [ProfileManager] Found file: Green.orp attempting to validate header
78758 |Info:    [ProfileManager] Valid v5 profile found for Green
78930 |Info:    [ProfileManager] Found file: Green.orp attempting to validate header
78930 |Info:    [ProfileManager] Valid v5 profile found for Green
